2019-03-14 at 15:33:16 CST INFO  org.springframework.boot.StartupInfoLogger 50 logStarting - Starting Application on DESKTOP-ULE69SC with PID 19960 (F:\Y\out\production\classes started by 35092 in F:\Y)
2019-03-14 at 15:33:16 CST DEBUG org.springframework.boot.StartupInfoLogger 53 logStarting - Running with Spring Boot v2.0.6.RELEASE, Spring v5.0.10.RELEASE
2019-03-14 at 15:33:16 CST INFO  org.springframework.boot.SpringApplication 654 logStartupProfileInfo - No active profile set, falling back to default profiles: default
2019-03-14 at 15:33:16 CST DEBUG org.apache.ibatis.logging.LogFactory 105 setImplementation - Logging initialized using 'class org.apache.ibatis.logging.slf4j.Slf4jImpl' adapter.
2019-03-14 at 15:33:16 CST DEBUG org.springframework.context.annotation.ClassPathScanningCandidateComponentProvider 437 scanCandidateComponents - Identified candidate component class: file [F:\Y\out\production\classes\com\y\mapper\UserMapper.class]
2019-03-14 at 15:33:16 CST DEBUG org.mybatis.logging.Logger 49 debug - Creating MapperFactoryBean with name 'userMapper' and 'com.y.mapper.UserMapper' mapperInterface
2019-03-14 at 15:33:16 CST DEBUG org.mybatis.logging.Logger 49 debug - Enabling autowire by type for MapperFactoryBean with name 'userMapper'.
2019-03-14 at 15:33:18 CST INFO  org.apache.juli.logging.DirectJDKLog 180 log - Initializing ProtocolHandler ["http-nio-5200"]
2019-03-14 at 15:33:18 CST INFO  org.apache.juli.logging.DirectJDKLog 180 log - Starting service [Tomcat]
2019-03-14 at 15:33:18 CST INFO  org.apache.juli.logging.DirectJDKLog 180 log - Starting Servlet Engine: Apache Tomcat/8.5.34
2019-03-14 at 15:33:18 CST INFO  org.apache.juli.logging.DirectJDKLog 180 log - The APR based Apache Tomcat Native library which allows optimal performance in production environments was not found on the java.library.path: [D:\program files\Java\jdk1.8.0_131\bin;C:\WINDOWS\Sun\Java\bin;C:\WINDOWS\system32;C:\WINDOWS;C:\Program Files (x86)\Common Files\Oracle\Java\javapath;D:\program files\Java\jdk1.8.0_131\bin;D:\program files\Java\jdk1.8.0_131\jre\bin;C:\WINDOWS\system32;C:\WINDOWS;C:\WINDOWS\System32\Wbem;D:\program files\mysql-5.7.23\bin;D:\program files\apache-maven-3.5.4\\bin;L:\gradle\gradle-4.10.3\bin;D:\Program Files\nodejs\;d:\Program Files\Git\cmd;d:\Program Files\OpenVPN\bin;D:\Users\35092\AppData\Local\Programs\Python\Python37\Scripts\;D:\Users\35092\AppData\Local\Programs\Python\Python37\;C:\Users\35092\AppData\Roaming\npm;.]
2019-03-14 at 15:33:18 CST INFO  org.apache.juli.logging.DirectJDKLog 180 log - Initializing Spring embedded WebApplicationContext
2019-03-14 at 15:33:18 CST INFO  com.alibaba.druid.spring.boot.autoconfigure.DruidDataSourceAutoConfigure 56 dataSource - Init DruidDataSource
2019-03-14 at 15:33:21 CST INFO  com.alibaba.druid.pool.DruidDataSource 930 init - {dataSource-1} inited
2019-03-14 at 15:33:21 CST DEBUG io.netty.util.internal.logging.Slf4JLogger 71 debug - Using SLF4J as the default logging framework
2019-03-14 at 15:33:21 CST DEBUG io.netty.util.internal.logging.Slf4JLogger 76 debug - -Dio.netty.eventLoopThreads: 4
2019-03-14 at 15:33:21 CST DEBUG io.netty.util.internal.logging.Slf4JLogger 81 debug - -Dio.netty.leakDetection.level: simple
2019-03-14 at 15:33:21 CST DEBUG io.netty.util.internal.logging.Slf4JLogger 81 debug - -Dio.netty.leakDetection.targetRecords: 4
2019-03-14 at 15:33:21 CST DEBUG io.netty.util.internal.logging.Slf4JLogger 71 debug - Platform: Windows
2019-03-14 at 15:33:21 CST DEBUG io.netty.util.internal.logging.Slf4JLogger 76 debug - -Dio.netty.noUnsafe: false
2019-03-14 at 15:33:21 CST DEBUG io.netty.util.internal.logging.Slf4JLogger 76 debug - Java version: 8
2019-03-14 at 15:33:21 CST DEBUG io.netty.util.internal.logging.Slf4JLogger 71 debug - sun.misc.Unsafe.theUnsafe: available
2019-03-14 at 15:33:21 CST DEBUG io.netty.util.internal.logging.Slf4JLogger 71 debug - sun.misc.Unsafe.copyMemory: available
2019-03-14 at 15:33:21 CST DEBUG io.netty.util.internal.logging.Slf4JLogger 71 debug - java.nio.Buffer.address: available
2019-03-14 at 15:33:21 CST DEBUG io.netty.util.internal.logging.Slf4JLogger 71 debug - direct buffer constructor: available
2019-03-14 at 15:33:21 CST DEBUG io.netty.util.internal.logging.Slf4JLogger 76 debug - java.nio.Bits.unaligned: available, true
2019-03-14 at 15:33:21 CST DEBUG io.netty.util.internal.logging.Slf4JLogger 71 debug - jdk.internal.misc.Unsafe.allocateUninitializedArray(int): unavailable prior to Java9
2019-03-14 at 15:33:21 CST DEBUG io.netty.util.internal.logging.Slf4JLogger 76 debug - java.nio.DirectByteBuffer.<init>(long, int): available
2019-03-14 at 15:33:21 CST DEBUG io.netty.util.internal.logging.Slf4JLogger 76 debug - sun.misc.Unsafe: available
2019-03-14 at 15:33:21 CST DEBUG io.netty.util.internal.logging.Slf4JLogger 76 debug - -Dio.netty.tmpdir: C:\WINDOWS\TEMP (java.io.tmpdir)
2019-03-14 at 15:33:21 CST DEBUG io.netty.util.internal.logging.Slf4JLogger 76 debug - -Dio.netty.bitMode: 64 (sun.arch.data.model)
2019-03-14 at 15:33:21 CST DEBUG io.netty.util.internal.logging.Slf4JLogger 76 debug - -Dio.netty.noPreferDirect: false
2019-03-14 at 15:33:21 CST DEBUG io.netty.util.internal.logging.Slf4JLogger 76 debug - -Dio.netty.maxDirectMemory: 1890582528 bytes
2019-03-14 at 15:33:21 CST DEBUG io.netty.util.internal.logging.Slf4JLogger 76 debug - -Dio.netty.uninitializedArrayAllocationThreshold: -1
2019-03-14 at 15:33:21 CST DEBUG io.netty.util.internal.logging.Slf4JLogger 71 debug - java.nio.ByteBuffer.cleaner(): available
2019-03-14 at 15:33:21 CST DEBUG io.netty.util.internal.logging.Slf4JLogger 76 debug - Loaded default ResourceLeakDetector: io.netty.util.ResourceLeakDetector@78b12331
2019-03-14 at 15:33:21 CST DEBUG io.netty.util.internal.logging.Slf4JLogger 71 debug - org.jctools-core.MpscChunkedArrayQueue: available
2019-03-14 at 15:33:21 CST DEBUG reactor.util.Loggers$Slf4JLogger 213 debug - Using Slf4j logging framework
2019-03-14 at 15:33:21 CST DEBUG reactor.util.Loggers$Slf4JLogger 213 debug - Starting UnsafeSupport init in Java 1.8
2019-03-14 at 15:33:21 CST DEBUG reactor.util.Loggers$Slf4JLogger 213 debug - Unsafe is available
2019-03-14 at 15:33:21 CST DEBUG io.netty.util.internal.logging.Slf4JLogger 76 debug - -Dio.netty.allocator.numHeapArenas: 8
2019-03-14 at 15:33:21 CST DEBUG io.netty.util.internal.logging.Slf4JLogger 76 debug - -Dio.netty.allocator.numDirectArenas: 8
2019-03-14 at 15:33:21 CST DEBUG io.netty.util.internal.logging.Slf4JLogger 76 debug - -Dio.netty.allocator.pageSize: 8192
2019-03-14 at 15:33:21 CST DEBUG io.netty.util.internal.logging.Slf4JLogger 76 debug - -Dio.netty.allocator.maxOrder: 11
2019-03-14 at 15:33:21 CST DEBUG io.netty.util.internal.logging.Slf4JLogger 76 debug - -Dio.netty.allocator.chunkSize: 16777216
2019-03-14 at 15:33:21 CST DEBUG io.netty.util.internal.logging.Slf4JLogger 76 debug - -Dio.netty.allocator.tinyCacheSize: 512
2019-03-14 at 15:33:21 CST DEBUG io.netty.util.internal.logging.Slf4JLogger 76 debug - -Dio.netty.allocator.smallCacheSize: 256
2019-03-14 at 15:33:21 CST DEBUG io.netty.util.internal.logging.Slf4JLogger 76 debug - -Dio.netty.allocator.normalCacheSize: 64
2019-03-14 at 15:33:21 CST DEBUG io.netty.util.internal.logging.Slf4JLogger 76 debug - -Dio.netty.allocator.maxCachedBufferCapacity: 32768
2019-03-14 at 15:33:21 CST DEBUG io.netty.util.internal.logging.Slf4JLogger 76 debug - -Dio.netty.allocator.cacheTrimInterval: 8192
2019-03-14 at 15:33:21 CST DEBUG io.netty.util.internal.logging.Slf4JLogger 76 debug - -Dio.netty.allocator.useCacheForAllThreads: true
2019-03-14 at 15:33:21 CST DEBUG io.netty.util.internal.logging.Slf4JLogger 76 debug - -Dio.netty.threadLocalMap.stringBuilder.initialSize: 1024
2019-03-14 at 15:33:21 CST DEBUG io.netty.util.internal.logging.Slf4JLogger 76 debug - -Dio.netty.threadLocalMap.stringBuilder.maxSize: 4096
2019-03-14 at 15:33:22 CST DEBUG org.apache.ibatis.io.VFS$VFSHolder 77 createVFS - Using VFS adapter org.mybatis.spring.boot.autoconfigure.SpringBootVFS
2019-03-14 at 15:33:22 CST DEBUG org.apache.ibatis.io.ResolverUtil 256 addIfMatching - Checking to see if class com.y.entity.User matches criteria [is assignable to Object]
2019-03-14 at 15:33:22 CST DEBUG org.apache.ibatis.io.ResolverUtil 256 addIfMatching - Checking to see if class com.y.entity.UserExample$Criteria matches criteria [is assignable to Object]
2019-03-14 at 15:33:22 CST DEBUG org.apache.ibatis.io.ResolverUtil 256 addIfMatching - Checking to see if class com.y.entity.UserExample$Criterion matches criteria [is assignable to Object]
2019-03-14 at 15:33:22 CST DEBUG org.apache.ibatis.io.ResolverUtil 256 addIfMatching - Checking to see if class com.y.entity.UserExample$GeneratedCriteria matches criteria [is assignable to Object]
2019-03-14 at 15:33:22 CST DEBUG org.apache.ibatis.io.ResolverUtil 256 addIfMatching - Checking to see if class com.y.entity.UserExample matches criteria [is assignable to Object]
2019-03-14 at 15:33:22 CST DEBUG org.mybatis.logging.Logger 49 debug - Parsed configuration file: 'class path resource [mybatis-config.xml]'
2019-03-14 at 15:33:22 CST DEBUG org.mybatis.logging.Logger 49 debug - Parsed mapper file: 'file [F:\Y\out\production\resources\mybatis\UserMapper.xml]'
2019-03-14 at 15:33:22 CST DEBUG org.hibernate.validator.internal.engine.resolver.TraversableResolvers 60 getDefault - Cannot find javax.persistence.Persistence on classpath. Assuming non JPA 2 environment. All properties will per default be traversable.
2019-03-14 at 15:33:22 CST DEBUG org.hibernate.validator.messageinterpolation.ResourceBundleMessageInterpolator 89 buildExpressionFactory - Loaded expression factory via original TCCL
2019-03-14 at 15:33:22 CST DEBUG org.hibernate.validator.internal.engine.resolver.TraversableResolvers 60 getDefault - Cannot find javax.persistence.Persistence on classpath. Assuming non JPA 2 environment. All properties will per default be traversable.
2019-03-14 at 15:33:22 CST DEBUG org.hibernate.validator.internal.engine.ConfigurationImpl 148 messageInterpolator - Setting custom MessageInterpolator of type org.springframework.validation.beanvalidation.LocaleContextMessageInterpolator
2019-03-14 at 15:33:22 CST DEBUG org.hibernate.validator.internal.engine.ConfigurationImpl 180 constraintValidatorFactory - Setting custom ConstraintValidatorFactory of type org.springframework.validation.beanvalidation.SpringConstraintValidatorFactory
2019-03-14 at 15:33:22 CST DEBUG org.hibernate.validator.internal.engine.ConfigurationImpl 194 parameterNameProvider - Setting custom ParameterNameProvider of type org.springframework.validation.beanvalidation.LocalValidatorFactoryBean$1
2019-03-14 at 15:33:22 CST DEBUG org.hibernate.validator.internal.xml.config.ValidationXmlParser 120 getValidationXmlInputStream - Trying to load META-INF/validation.xml for XML based Validator configuration.
2019-03-14 at 15:33:22 CST DEBUG org.hibernate.validator.internal.xml.config.ResourceLoaderHelper 53 getResettableInputStreamForPath - Trying to load META-INF/validation.xml via user class loader
2019-03-14 at 15:33:22 CST DEBUG org.hibernate.validator.internal.xml.config.ResourceLoaderHelper 60 getResettableInputStreamForPath - Trying to load META-INF/validation.xml via TCCL
2019-03-14 at 15:33:22 CST DEBUG org.hibernate.validator.internal.xml.config.ResourceLoaderHelper 66 getResettableInputStreamForPath - Trying to load META-INF/validation.xml via Hibernate Validator's class loader
2019-03-14 at 15:33:22 CST DEBUG org.hibernate.validator.internal.xml.config.ValidationXmlParser 127 getValidationXmlInputStream - No META-INF/validation.xml found. Using annotation based configuration only.
2019-03-14 at 15:33:22 CST DEBUG org.hibernate.validator.internal.engine.ValidatorFactoryImpl 578 logValidatorFactoryScopedConfiguration - HV000234: Using org.springframework.validation.beanvalidation.LocaleContextMessageInterpolator as ValidatorFactory-scoped message interpolator.
2019-03-14 at 15:33:22 CST DEBUG org.hibernate.validator.internal.engine.ValidatorFactoryImpl 579 logValidatorFactoryScopedConfiguration - HV000234: Using org.hibernate.validator.internal.engine.resolver.TraverseAllTraversableResolver as ValidatorFactory-scoped traversable resolver.
2019-03-14 at 15:33:22 CST DEBUG org.hibernate.validator.internal.engine.ValidatorFactoryImpl 580 logValidatorFactoryScopedConfiguration - HV000234: Using org.hibernate.validator.internal.util.ExecutableParameterNameProvider as ValidatorFactory-scoped parameter name provider.
2019-03-14 at 15:33:22 CST DEBUG org.hibernate.validator.internal.engine.ValidatorFactoryImpl 581 logValidatorFactoryScopedConfiguration - HV000234: Using org.hibernate.validator.internal.engine.DefaultClockProvider as ValidatorFactory-scoped clock provider.
2019-03-14 at 15:33:22 CST DEBUG org.hibernate.validator.internal.engine.ValidatorFactoryImpl 582 logValidatorFactoryScopedConfiguration - HV000234: Using org.hibernate.validator.internal.engine.scripting.DefaultScriptEvaluatorFactory as ValidatorFactory-scoped script evaluator factory.
2019-03-14 at 15:33:22 CST DEBUG io.netty.util.internal.logging.Slf4JLogger 71 debug - netty-tcnative not in the classpath; OpenSslEngine will be unavailable.
2019-03-14 at 15:33:23 CST DEBUG io.netty.util.internal.logging.Slf4JLogger 76 debug - Default protocols (JDK): [TLSv1.2, TLSv1.1, TLSv1] 
2019-03-14 at 15:33:23 CST DEBUG io.netty.util.internal.logging.Slf4JLogger 76 debug - Default cipher suites (JDK): [TLS_ECDHE_ECDSA_WITH_AES_128_GCM_SHA256, TLS_ECDHE_RSA_WITH_AES_128_GCM_SHA256, TLS_ECDHE_RSA_WITH_AES_128_CBC_SHA, TLS_RSA_WITH_AES_128_GCM_SHA256, TLS_RSA_WITH_AES_128_CBC_SHA]
2019-03-14 at 15:33:23 CST DEBUG io.netty.util.internal.logging.Slf4JLogger 76 debug - -Dio.netty.eventLoopThreads: 8
2019-03-14 at 15:33:23 CST DEBUG io.netty.util.internal.logging.Slf4JLogger 76 debug - -Dio.netty.noKeySetOptimization: false
2019-03-14 at 15:33:23 CST DEBUG io.netty.util.internal.logging.Slf4JLogger 76 debug - -Dio.netty.selectorAutoRebuildThreshold: 512
2019-03-14 at 15:33:23 CST DEBUG org.springframework.web.servlet.handler.AbstractHandlerMethodMapping 200 initHandlerMethods - Looking for request mappings in application context: org.springframework.boot.web.servlet.context.AnnotationConfigServletWebServerApplicationContext@6f3187b0: startup date [Thu Mar 14 15:33:16 CST 2019]; root of context hierarchy
2019-03-14 at 15:33:23 CST DEBUG org.springframework.web.servlet.handler.AbstractHandlerMethodMapping 248 detectHandlerMethods - 1 request handler methods found on class de.codecentric.boot.admin.server.web.servlet.InstancesProxyController: {public reactor.core.publisher.Mono de.codecentric.boot.admin.server.web.servlet.InstancesProxyController.endpointProxy(java.lang.String,javax.servlet.http.HttpServletRequest,javax.servlet.http.HttpServletResponse) throws java.io.IOException={[/instances/{instanceId}/actuator/**],methods=[GET || HEAD || POST || PUT || PATCH || DELETE || OPTIONS]}}
2019-03-14 at 15:33:23 CST INFO  org.springframework.web.servlet.handler.AbstractHandlerMethodMapping$MappingRegistry 549 register - Mapped "{[/instances/{instanceId}/actuator/**],methods=[GET || HEAD || POST || PUT || PATCH || DELETE || OPTIONS]}" onto public reactor.core.publisher.Mono<java.lang.Void> de.codecentric.boot.admin.server.web.servlet.InstancesProxyController.endpointProxy(java.lang.String,javax.servlet.http.HttpServletRequest,javax.servlet.http.HttpServletResponse) throws java.io.IOException
2019-03-14 at 15:33:23 CST DEBUG org.springframework.web.servlet.handler.AbstractHandlerMethodMapping 248 detectHandlerMethods - 7 request handler methods found on class de.codecentric.boot.admin.server.web.InstancesController: {public reactor.core.publisher.Mono de.codecentric.boot.admin.server.web.InstancesController.register(de.codecentric.boot.admin.server.domain.values.Registration,org.springframework.web.util.UriComponentsBuilder)={[/instances],methods=[POST],consumes=[application/json]}, public reactor.core.publisher.Mono de.codecentric.boot.admin.server.web.InstancesController.instance(java.lang.String)={[/instances/{id}],methods=[GET],produces=[application/json]}, public reactor.core.publisher.Mono de.codecentric.boot.admin.server.web.InstancesController.unregister(java.lang.String)={[/instances/{id}],methods=[DELETE]}, public reactor.core.publisher.Flux de.codecentric.boot.admin.server.web.InstancesController.events()={[/instances/events],methods=[GET],produces=[application/json]}, public reactor.core.publisher.Flux de.codecentric.boot.admin.server.web.InstancesController.instances(java.lang.String)={[/instances],methods=[GET],produces=[application/json]}, public reactor.core.publisher.Flux de.codecentric.boot.admin.server.web.InstancesController.eventStream()={[/instances/events],methods=[GET],produces=[text/event-stream]}, public reactor.core.publisher.Flux de.codecentric.boot.admin.server.web.InstancesController.instanceStream(java.lang.String)={[/instances/{id}],methods=[GET],produces=[text/event-stream]}}
2019-03-14 at 15:33:23 CST INFO  org.springframework.web.servlet.handler.AbstractHandlerMethodMapping$MappingRegistry 549 register - Mapped "{[/instances],methods=[POST],consumes=[application/json]}" onto public reactor.core.publisher.Mono<org.springframework.http.ResponseEntity<java.util.Map<java.lang.String, de.codecentric.boot.admin.server.domain.values.InstanceId>>> de.codecentric.boot.admin.server.web.InstancesController.register(de.codecentric.boot.admin.server.domain.values.Registration,org.springframework.web.util.UriComponentsBuilder)
2019-03-14 at 15:33:23 CST INFO  org.springframework.web.servlet.handler.AbstractHandlerMethodMapping$MappingRegistry 549 register - Mapped "{[/instances/{id}],methods=[GET],produces=[application/json]}" onto public reactor.core.publisher.Mono<org.springframework.http.ResponseEntity<de.codecentric.boot.admin.server.domain.entities.Instance>> de.codecentric.boot.admin.server.web.InstancesController.instance(java.lang.String)
2019-03-14 at 15:33:23 CST INFO  org.springframework.web.servlet.handler.AbstractHandlerMethodMapping$MappingRegistry 549 register - Mapped "{[/instances/{id}],methods=[DELETE]}" onto public reactor.core.publisher.Mono<org.springframework.http.ResponseEntity<java.lang.Void>> de.codecentric.boot.admin.server.web.InstancesController.unregister(java.lang.String)
2019-03-14 at 15:33:23 CST INFO  org.springframework.web.servlet.handler.AbstractHandlerMethodMapping$MappingRegistry 549 register - Mapped "{[/instances/events],methods=[GET],produces=[application/json]}" onto public reactor.core.publisher.Flux<de.codecentric.boot.admin.server.domain.events.InstanceEvent> de.codecentric.boot.admin.server.web.InstancesController.events()
2019-03-14 at 15:33:23 CST INFO  org.springframework.web.servlet.handler.AbstractHandlerMethodMapping$MappingRegistry 549 register - Mapped "{[/instances],methods=[GET],produces=[application/json]}" onto public reactor.core.publisher.Flux<de.codecentric.boot.admin.server.domain.entities.Instance> de.codecentric.boot.admin.server.web.InstancesController.instances(java.lang.String)
2019-03-14 at 15:33:23 CST INFO  org.springframework.web.servlet.handler.AbstractHandlerMethodMapping$MappingRegistry 549 register - Mapped "{[/instances/events],methods=[GET],produces=[text/event-stream]}" onto public reactor.core.publisher.Flux<org.springframework.http.codec.ServerSentEvent<de.codecentric.boot.admin.server.domain.events.InstanceEvent>> de.codecentric.boot.admin.server.web.InstancesController.eventStream()
2019-03-14 at 15:33:23 CST INFO  org.springframework.web.servlet.handler.AbstractHandlerMethodMapping$MappingRegistry 549 register - Mapped "{[/instances/{id}],methods=[GET],produces=[text/event-stream]}" onto public reactor.core.publisher.Flux<org.springframework.http.codec.ServerSentEvent<de.codecentric.boot.admin.server.domain.entities.Instance>> de.codecentric.boot.admin.server.web.InstancesController.instanceStream(java.lang.String)
2019-03-14 at 15:33:23 CST DEBUG org.springframework.web.servlet.handler.AbstractHandlerMethodMapping 248 detectHandlerMethods - 4 request handler methods found on class de.codecentric.boot.admin.server.web.ApplicationsController: {public reactor.core.publisher.Mono de.codecentric.boot.admin.server.web.ApplicationsController.unregister(java.lang.String)={[/applications/{name}],methods=[DELETE]}, public reactor.core.publisher.Mono de.codecentric.boot.admin.server.web.ApplicationsController.application(java.lang.String)={[/applications/{name}],methods=[GET],produces=[application/json]}, public reactor.core.publisher.Flux de.codecentric.boot.admin.server.web.ApplicationsController.applications()={[/applications],methods=[GET],produces=[application/json]}, public reactor.core.publisher.Flux de.codecentric.boot.admin.server.web.ApplicationsController.applicationsStream()={[/applications],methods=[GET],produces=[text/event-stream]}}
2019-03-14 at 15:33:23 CST INFO  org.springframework.web.servlet.handler.AbstractHandlerMethodMapping$MappingRegistry 549 register - Mapped "{[/applications/{name}],methods=[DELETE]}" onto public reactor.core.publisher.Mono<org.springframework.http.ResponseEntity<java.lang.Void>> de.codecentric.boot.admin.server.web.ApplicationsController.unregister(java.lang.String)
2019-03-14 at 15:33:23 CST INFO  org.springframework.web.servlet.handler.AbstractHandlerMethodMapping$MappingRegistry 549 register - Mapped "{[/applications/{name}],methods=[GET],produces=[application/json]}" onto public reactor.core.publisher.Mono<org.springframework.http.ResponseEntity<de.codecentric.boot.admin.server.web.ApplicationsController$Application>> de.codecentric.boot.admin.server.web.ApplicationsController.application(java.lang.String)
2019-03-14 at 15:33:23 CST INFO  org.springframework.web.servlet.handler.AbstractHandlerMethodMapping$MappingRegistry 549 register - Mapped "{[/applications],methods=[GET],produces=[application/json]}" onto public reactor.core.publisher.Flux<de.codecentric.boot.admin.server.web.ApplicationsController$Application> de.codecentric.boot.admin.server.web.ApplicationsController.applications()
2019-03-14 at 15:33:23 CST INFO  org.springframework.web.servlet.handler.AbstractHandlerMethodMapping$MappingRegistry 549 register - Mapped "{[/applications],methods=[GET],produces=[text/event-stream]}" onto public reactor.core.publisher.Flux<org.springframework.http.codec.ServerSentEvent<de.codecentric.boot.admin.server.web.ApplicationsController$Application>> de.codecentric.boot.admin.server.web.ApplicationsController.applicationsStream()
2019-03-14 at 15:33:23 CST DEBUG org.springframework.web.servlet.handler.AbstractHandlerMethodMapping 248 detectHandlerMethods - 2 request handler methods found on class de.codecentric.boot.admin.server.ui.web.UiController: {public java.lang.String de.codecentric.boot.admin.server.ui.web.UiController.index()={[/],methods=[GET],produces=[text/html]}, public java.lang.String de.codecentric.boot.admin.server.ui.web.UiController.login()={[/login],methods=[GET],produces=[text/html]}}
2019-03-14 at 15:33:23 CST INFO  org.springframework.web.servlet.handler.AbstractHandlerMethodMapping$MappingRegistry 549 register - Mapped "{[/],methods=[GET],produces=[text/html]}" onto public java.lang.String de.codecentric.boot.admin.server.ui.web.UiController.index()
2019-03-14 at 15:33:23 CST INFO  org.springframework.web.servlet.handler.AbstractHandlerMethodMapping$MappingRegistry 549 register - Mapped "{[/login],methods=[GET],produces=[text/html]}" onto public java.lang.String de.codecentric.boot.admin.server.ui.web.UiController.login()
2019-03-14 at 15:33:23 CST DEBUG de.codecentric.boot.admin.server.services.StatusUpdateTrigger 57 lambda$start$0 - Scheduled status update every PT10S
2019-03-14 at 15:33:23 CST DEBUG de.codecentric.boot.admin.server.services.ResubscribingEventHandler 43 lambda$start$0 - Subscribed to class de.codecentric.boot.admin.server.domain.events.InstanceEvent events
2019-03-14 at 15:33:23 CST DEBUG de.codecentric.boot.admin.server.services.ResubscribingEventHandler 43 lambda$start$0 - Subscribed to class de.codecentric.boot.admin.server.domain.events.InstanceEvent events
2019-03-14 at 15:33:23 CST DEBUG de.codecentric.boot.admin.server.services.ResubscribingEventHandler 43 lambda$start$0 - Subscribed to class de.codecentric.boot.admin.server.domain.events.InstanceEvent events
2019-03-14 at 15:33:25 CST INFO  org.apache.juli.logging.DirectJDKLog 180 log - Starting ProtocolHandler ["http-nio-5200"]
2019-03-14 at 15:33:25 CST INFO  org.apache.juli.logging.DirectJDKLog 180 log - Using a shared selector for servlet write/read
2019-03-14 at 15:33:25 CST INFO  org.springframework.boot.StartupInfoLogger 59 logStarted - Started Application in 9.608 seconds (JVM running for 11.438)
2019-03-14 at 15:33:25 CST INFO  org.apache.juli.logging.DirectJDKLog 180 log - Initializing Spring FrameworkServlet 'dispatcherServlet'
2019-03-14 at 15:33:25 CST DEBUG io.netty.util.internal.logging.Slf4JLogger 71 debug - Trying to get a Redis connection for: RedisURI [host='localhost', port=6379]
2019-03-14 at 15:33:25 CST INFO  io.netty.util.internal.logging.Slf4JLogger 101 info - Starting without optional epoll library
2019-03-14 at 15:33:25 CST INFO  io.netty.util.internal.logging.Slf4JLogger 101 info - Starting without optional kqueue library
2019-03-14 at 15:33:26 CST DEBUG io.netty.util.internal.logging.Slf4JLogger 81 debug - Adding reference to io.netty.channel.nio.NioEventLoopGroup@5d056235, existing ref count 0
2019-03-14 at 15:33:26 CST DEBUG io.netty.util.internal.logging.Slf4JLogger 81 debug - Resolved SocketAddress localhost:6379 using RedisURI [host='localhost', port=6379]
2019-03-14 at 15:33:26 CST DEBUG io.netty.util.internal.logging.Slf4JLogger 76 debug - Connecting to Redis at localhost:6379
2019-03-14 at 15:33:26 CST DEBUG io.netty.util.internal.logging.Slf4JLogger 76 debug - -Dio.netty.processId: 19960 (auto-detected)
2019-03-14 at 15:33:26 CST DEBUG io.netty.util.internal.logging.Slf4JLogger 76 debug - -Djava.net.preferIPv4Stack: false
2019-03-14 at 15:33:26 CST DEBUG io.netty.util.internal.logging.Slf4JLogger 76 debug - -Djava.net.preferIPv6Addresses: false
2019-03-14 at 15:33:26 CST DEBUG io.netty.util.internal.logging.Slf4JLogger 86 debug - Loopback interface: lo (Software Loopback Interface 1, 127.0.0.1)
2019-03-14 at 15:33:26 CST DEBUG io.netty.util.internal.logging.Slf4JLogger 81 debug - Failed to get SOMAXCONN from sysctl and file \proc\sys\net\core\somaxconn. Default: 200
2019-03-14 at 15:33:26 CST DEBUG io.netty.util.internal.logging.Slf4JLogger 76 debug - -Dio.netty.machineId: 00:50:56:ff:fe:c0:00:01 (auto-detected)
2019-03-14 at 15:33:26 CST DEBUG io.netty.util.internal.logging.Slf4JLogger 76 debug - -Dio.netty.allocator.type: pooled
2019-03-14 at 15:33:26 CST DEBUG io.netty.util.internal.logging.Slf4JLogger 76 debug - -Dio.netty.threadLocalDirectBufferSize: 0
2019-03-14 at 15:33:26 CST DEBUG io.netty.util.internal.logging.Slf4JLogger 76 debug - -Dio.netty.maxThreadLocalCharBufferSize: 16384
2019-03-14 at 15:33:26 CST DEBUG io.netty.util.internal.logging.Slf4JLogger 76 debug - -Dio.netty.recycler.maxCapacityPerThread: 4096
2019-03-14 at 15:33:26 CST DEBUG io.netty.util.internal.logging.Slf4JLogger 76 debug - -Dio.netty.recycler.maxSharedCapacityFactor: 2
2019-03-14 at 15:33:26 CST DEBUG io.netty.util.internal.logging.Slf4JLogger 76 debug - -Dio.netty.recycler.linkCapacity: 16
2019-03-14 at 15:33:26 CST DEBUG io.netty.util.internal.logging.Slf4JLogger 76 debug - -Dio.netty.recycler.ratio: 8
2019-03-14 at 15:33:26 CST DEBUG io.netty.util.internal.logging.Slf4JLogger 81 debug - -Dio.netty.buffer.bytebuf.checkAccessible: true
2019-03-14 at 15:33:26 CST DEBUG io.netty.util.internal.logging.Slf4JLogger 76 debug - Loaded default ResourceLeakDetector: io.netty.util.ResourceLeakDetector@7769f587
2019-03-14 at 15:33:27 CST DEBUG io.netty.util.internal.logging.Slf4JLogger 76 debug - [channel=0x350cb8d1, [id: 0xff2714bd] (inactive), chid=0x1] channelRegistered()
2019-03-14 at 15:33:28 CST DEBUG io.netty.util.internal.logging.Slf4JLogger 81 debug - Connecting to Redis at localhost:6379: io.netty.channel.AbstractChannel$AnnotatedConnectException: Connection refused: no further information: localhost/127.0.0.1:6379
2019-03-14 at 15:33:28 CST DEBUG io.netty.util.internal.logging.Slf4JLogger 71 debug - close()
2019-03-14 at 15:33:28 CST DEBUG io.netty.util.internal.logging.Slf4JLogger 76 debug - [unknown, epid=0x1] close()
2019-03-14 at 15:33:28 CST DEBUG io.netty.util.internal.logging.Slf4JLogger 76 debug - [channel=0x350cb8d1, [id: 0xff2714bd] (inactive), chid=0x1] channelUnregistered()
2019-03-14 at 15:33:33 CST DEBUG de.codecentric.boot.admin.server.services.StatusUpdateTrigger 85 updateStatusForAllInstances - Updating status for all instances
2019-03-14 at 15:33:43 CST DEBUG de.codecentric.boot.admin.server.services.StatusUpdateTrigger 85 updateStatusForAllInstances - Updating status for all instances
2019-03-14 at 15:33:53 CST DEBUG de.codecentric.boot.admin.server.services.StatusUpdateTrigger 85 updateStatusForAllInstances - Updating status for all instances
2019-03-14 at 15:34:03 CST DEBUG de.codecentric.boot.admin.server.services.StatusUpdateTrigger 85 updateStatusForAllInstances - Updating status for all instances
2019-03-14 at 15:34:13 CST DEBUG de.codecentric.boot.admin.server.services.StatusUpdateTrigger 85 updateStatusForAllInstances - Updating status for all instances
2019-03-14 at 15:34:23 CST DEBUG de.codecentric.boot.admin.server.services.StatusUpdateTrigger 85 updateStatusForAllInstances - Updating status for all instances
2019-03-14 at 15:34:33 CST DEBUG de.codecentric.boot.admin.server.services.StatusUpdateTrigger 85 updateStatusForAllInstances - Updating status for all instances
2019-03-14 at 15:34:43 CST DEBUG de.codecentric.boot.admin.server.services.StatusUpdateTrigger 85 updateStatusForAllInstances - Updating status for all instances
2019-03-14 at 15:34:53 CST DEBUG de.codecentric.boot.admin.server.services.StatusUpdateTrigger 85 updateStatusForAllInstances - Updating status for all instances
2019-03-14 at 15:35:03 CST DEBUG de.codecentric.boot.admin.server.services.StatusUpdateTrigger 85 updateStatusForAllInstances - Updating status for all instances
2019-03-14 at 15:35:13 CST DEBUG de.codecentric.boot.admin.server.services.StatusUpdateTrigger 85 updateStatusForAllInstances - Updating status for all instances
2019-03-14 at 15:35:23 CST DEBUG de.codecentric.boot.admin.server.services.StatusUpdateTrigger 85 updateStatusForAllInstances - Updating status for all instances
